TN:
SF:src/app.controller.ts
FN:11,(anonymous_4)
FN:16,(anonymous_5)
FNF:2
FNH:1
FNDA:5,(anonymous_4)
FNDA:0,(anonymous_5)
DA:1,2
DA:2,2
DA:3,2
DA:5,2
DA:6,2
DA:7,2
DA:10,2
DA:11,5
DA:13,2
DA:17,0
LF:10
LH:9
BRF:0
BRH:0
end_of_record
TN:
SF:src/app.module.ts
FNF:0
FNH:0
DA:1,2
DA:2,2
DA:3,2
DA:4,2
DA:5,2
DA:6,2
DA:7,2
DA:8,2
DA:9,2
DA:10,2
DA:11,2
DA:12,2
DA:13,2
DA:14,2
DA:44,2
LF:15
LH:15
BRF:0
BRH:0
end_of_record
TN:
SF:src/app.service.ts
FN:5,(anonymous_1)
FNF:1
FNH:0
FNDA:0,(anonymous_1)
DA:1,2
DA:4,2
DA:6,0
DA:7,0
DA:10,0
LF:5
LH:2
BRDA:6,0,0,0
BRF:1
BRH:0
end_of_record
TN:
SF:src/admin/admin.module.ts
FNF:0
FNH:0
DA:1,2
DA:2,2
DA:3,2
DA:4,2
DA:24,2
LF:5
LH:5
BRF:0
BRH:0
end_of_record
TN:
SF:src/admin/campaign/admin-campaign.controller.ts
FN:14,(anonymous_2)
FNF:1
FNH:0
FNDA:0,(anonymous_2)
DA:1,2
DA:2,2
DA:3,2
DA:4,2
DA:5,2
DA:9,2
DA:10,2
DA:15,0
LF:8
LH:7
BRF:0
BRH:0
end_of_record
TN:
SF:src/admin/campaign/admin-campaign.module.ts
FNF:0
FNH:0
DA:1,2
DA:2,2
DA:3,2
DA:4,2
DA:10,2
LF:5
LH:5
BRF:0
BRH:0
end_of_record
TN:
SF:src/auth/auth.controller.ts
FN:19,(anonymous_4)
FN:22,(anonymous_5)
FN:29,(anonymous_6)
FNF:3
FNH:3
FNDA:5,(anonymous_4)
FNDA:3,(anonymous_5)
FNDA:1,(anonymous_6)
DA:1,2
DA:9,2
DA:11,2
DA:13,2
DA:14,2
DA:15,2
DA:18,2
DA:19,5
DA:22,2
DA:23,3
DA:26,2
DA:30,1
LF:12
LH:12
BRF:0
BRH:0
end_of_record
TN:
SF:src/auth/auth.module.ts
FNF:0
FNH:0
DA:1,2
DA:2,2
DA:3,2
DA:4,2
DA:5,2
DA:6,2
DA:7,2
DA:8,2
DA:9,2
DA:10,2
DA:23,2
LF:11
LH:11
BRF:0
BRH:0
end_of_record
TN:
SF:src/auth/auth.service.ts
FN:13,(anonymous_2)
FN:15,(anonymous_3)
FNF:2
FNH:2
FNDA:5,(anonymous_2)
FNDA:3,(anonymous_3)
DA:1,2
DA:7,2
DA:8,2
DA:9,2
DA:12,2
DA:13,5
DA:16,3
DA:17,3
DA:21,3
DA:22,1
DA:26,2
DA:28,2
DA:30,1
LF:13
LH:13
BRDA:21,0,0,1
BRDA:28,1,0,1
BRF:2
BRH:2
end_of_record
TN:
SF:src/auth/decorator/current-user.decorator.ts
FN:4,(anonymous_0)
FNF:1
FNH:1
FNDA:1,(anonymous_0)
DA:1,2
DA:3,2
DA:5,1
DA:7,1
LF:4
LH:4
BRF:0
BRH:0
end_of_record
TN:
SF:src/auth/google/google-oauth.controller.ts
FN:9,(anonymous_4)
FN:13,(anonymous_5)
FN:19,(anonymous_6)
FNF:3
FNH:1
FNDA:5,(anonymous_4)
FNDA:0,(anonymous_5)
FNDA:0,(anonymous_6)
DA:1,2
DA:3,2
DA:4,2
DA:8,2
DA:9,5
DA:13,2
DA:19,2
DA:20,0
LF:8
LH:7
BRF:0
BRH:0
end_of_record
TN:
SF:src/auth/google/google-oauth.module.ts
FNF:0
FNH:0
DA:1,2
DA:2,2
DA:3,2
DA:4,2
DA:5,2
DA:12,2
LF:6
LH:6
BRF:0
BRH:0
end_of_record
TN:
SF:src/auth/google/google-oauth.strategy.ts
FN:12,(anonymous_2)
FN:21,(anonymous_3)
FNF:2
FNH:1
FNDA:5,(anonymous_2)
FNDA:0,(anonymous_3)
DA:1,2
DA:2,2
DA:3,2
DA:5,2
DA:6,2
DA:8,2
DA:11,2
DA:12,5
DA:13,5
DA:22,0
DA:24,0
DA:28,0
DA:29,0
DA:38,0
LF:14
LH:9
BRDA:28,0,0,0
BRF:1
BRH:0
end_of_record
TN:
SF:src/auth/interceptor/current-user.interceptor.ts
FN:13,(anonymous_2)
FN:15,(anonymous_3)
FNF:2
FNH:2
FNDA:5,(anonymous_2)
FNDA:4,(anonymous_3)
DA:1,2
DA:8,2
DA:9,2
DA:12,2
DA:13,5
DA:19,4
DA:20,4
DA:22,4
DA:23,3
DA:26,1
DA:28,1
LF:11
LH:11
BRDA:22,0,0,3
BRF:1
BRH:1
end_of_record
TN:
SF:src/auth/jwt/jwt-auth.module.ts
FN:13,(anonymous_1)
FNF:1
FNH:1
FNDA:5,(anonymous_1)
DA:1,2
DA:2,2
DA:3,2
DA:4,2
DA:5,2
DA:6,2
DA:7,2
DA:8,2
DA:14,5
DA:36,2
LF:10
LH:10
BRF:0
BRH:0
end_of_record
TN:
SF:src/auth/jwt/jwt-auth.service.ts
FN:10,(anonymous_2)
FN:12,(anonymous_3)
FN:24,(anonymous_4)
FNF:3
FNH:3
FNDA:15,(anonymous_2)
FNDA:1,(anonymous_3)
FNDA:1,(anonymous_4)
DA:1,2
DA:2,2
DA:3,2
DA:5,2
DA:6,2
DA:9,2
DA:10,15
DA:13,1
DA:19,1
DA:25,1
DA:26,1
DA:28,1
DA:29,0
DA:32,1
DA:33,1
LF:15
LH:14
BRDA:28,0,0,0
BRDA:32,1,0,1
BRF:2
BRH:1
end_of_record
TN:
SF:src/auth/jwt/jwt-auth.strategy.ts
FN:7,(anonymous_0)
FN:15,(anonymous_1)
FNF:2
FNH:2
FNDA:5,(anonymous_0)
FNDA:1,(anonymous_1)
DA:1,2
DA:2,2
DA:6,2
DA:8,5
DA:16,1
LF:5
LH:5
BRF:0
BRH:0
end_of_record
TN:
SF:src/common/roles.enum.ts
FN:1,(anonymous_0)
FNF:1
FNH:1
FNDA:2,(anonymous_0)
DA:1,2
DA:2,2
DA:3,2
LF:3
LH:3
BRDA:1,0,0,2
BRDA:1,0,1,2
BRF:2
BRH:2
end_of_record
TN:
SF:src/common/decorator/role.decorator.ts
FN:5,(anonymous_0)
FNF:1
FNH:1
FNDA:4,(anonymous_0)
DA:2,2
DA:4,2
DA:5,4
LF:3
LH:3
BRF:0
BRH:0
end_of_record
TN:
SF:src/common/groups/campaign.groups.ts
FNF:0
FNH:0
DA:1,2
DA:2,2
DA:3,2
DA:4,2
LF:4
LH:4
BRF:0
BRH:0
end_of_record
TN:
SF:src/common/groups/driver.groups.ts
FNF:0
FNH:0
DA:1,2
DA:2,2
LF:2
LH:2
BRF:0
BRH:0
end_of_record
TN:
SF:src/common/guard/roles.guard.ts
FN:11,(anonymous_2)
FN:16,(anonymous_3)
FN:35,(anonymous_4)
FN:36,(anonymous_5)
FNF:4
FNH:2
FNDA:5,(anonymous_2)
FNDA:5,(anonymous_3)
FNDA:0,(anonymous_4)
FNDA:0,(anonymous_5)
DA:1,2
DA:3,2
DA:5,2
DA:6,2
DA:7,2
DA:10,2
DA:12,5
DA:13,5
DA:19,5
DA:24,5
DA:25,4
DA:28,1
DA:29,1
DA:31,1
DA:32,1
DA:35,0
DA:36,0
LF:17
LH:15
BRDA:24,0,0,4
BRDA:24,1,0,5
BRDA:24,1,1,1
BRDA:31,2,0,1
BRDA:36,3,0,0
BRDA:36,3,1,0
BRDA:36,4,0,0
BRDA:36,4,1,0
BRDA:36,5,0,0
BRDA:36,5,1,0
BRDA:36,6,0,0
BRDA:36,6,1,0
BRF:12
BRH:4
end_of_record
TN:
SF:src/driver/driver.controller.ts
FN:9,(anonymous_4)
FN:16,(anonymous_5)
FNF:2
FNH:1
FNDA:5,(anonymous_4)
FNDA:0,(anonymous_5)
DA:1,2
DA:2,2
DA:3,2
DA:4,2
DA:5,2
DA:8,2
DA:10,5
DA:11,5
DA:16,2
DA:17,0
DA:19,0
LF:11
LH:9
BRF:0
BRH:0
end_of_record
TN:
SF:src/driver/driver.module.ts
FNF:0
FNH:0
DA:1,2
DA:2,2
DA:3,2
DA:4,2
DA:5,2
DA:6,2
DA:7,2
DA:15,2
LF:8
LH:8
BRF:0
BRH:0
end_of_record
TN:
SF:src/driver/driver.service.ts
FN:10,(anonymous_1)
FNF:1
FNH:0
FNDA:0,(anonymous_1)
DA:1,2
DA:2,2
DA:3,2
DA:5,2
DA:6,2
DA:9,2
DA:11,0
DA:13,0
DA:14,0
DA:18,0
DA:19,0
DA:20,0
DA:28,0
LF:13
LH:6
BRDA:13,0,0,0
BRF:1
BRH:0
end_of_record
TN:
SF:src/driver/dto/create-driver.dto.ts
FNF:0
FNH:0
DA:1,2
LF:1
LH:1
BRF:0
BRH:0
end_of_record
TN:
SF:src/entities/campaign.entity.ts
FNF:0
FNH:0
DA:1,2
DA:4,2
DA:5,2
DA:8,2
DA:11,2
LF:5
LH:5
BRF:0
BRH:0
end_of_record
TN:
SF:src/entities/driver.entity.ts
FNF:0
FNH:0
DA:1,2
DA:3,2
DA:4,2
DA:7,2
DA:8,2
DA:12,2
DA:16,2
DA:20,2
DA:24,2
DA:28,2
LF:10
LH:10
BRF:0
BRH:0
end_of_record
TN:
SF:src/entities/user.entity.ts
FNF:0
FNH:0
DA:1,2
DA:5,2
DA:6,2
DA:9,2
DA:12,2
DA:15,2
DA:18,2
DA:21,2
LF:8
LH:8
BRF:0
BRH:0
end_of_record
TN:
SF:src/user/user.module.ts
FNF:0
FNH:0
DA:1,2
DA:2,2
DA:3,2
DA:4,2
DA:11,2
LF:5
LH:5
BRF:0
BRH:0
end_of_record
TN:
SF:src/user/user.service.ts
FN:8,(anonymous_1)
FN:12,(anonymous_2)
FN:16,(anonymous_3)
FNF:3
FNH:0
FNDA:0,(anonymous_1)
FNDA:0,(anonymous_2)
FNDA:0,(anonymous_3)
DA:1,2
DA:3,2
DA:7,2
DA:9,0
DA:13,0
DA:17,0
LF:6
LH:3
BRDA:12,0,0,0
BRDA:16,1,0,0
BRF:2
BRH:0
end_of_record
TN:
SF:src/utils/jwt.ts
FN:1,(anonymous_0)
FNF:1
FNH:1
FNDA:5,(anonymous_0)
DA:1,2
DA:2,5
DA:4,5
LF:3
LH:3
BRDA:4,0,0,5
BRDA:4,0,1,4
BRDA:4,1,0,4
BRDA:4,1,1,1
BRDA:4,2,0,5
BRDA:4,2,1,5
BRF:6
BRH:6
end_of_record
